  Enemy.cpp
  EnemyMovementStrategy.cpp
  Entity.cpp
  HorizontalEnemyMovementStrategy.cpp
c:\program files (x86)\microsoft visual studio\2017\professional\vc\tools\msvc\14.16.27023\include\utility(239): warning C4244: 'initializing': conversion from '_Ty' to '_Ty1', possible loss of data
          with
          [
              _Ty=int
          ]
          and
          [
              _Ty1=float
          ]
  c:\users\jie_ji1\documents\github\gameenginedev\gameengine\gameengine\horizontalenemymovementstrategy.cpp(4): note: see reference to function template instantiation 'std::pair<float,float>::pair<int,int,0>(std::pair<int,int> &&) noexcept' being compiled
  c:\users\jie_ji1\documents\github\gameenginedev\gameengine\gameengine\horizontalenemymovementstrategy.cpp(4): note: see reference to function template instantiation 'std::pair<float,float>::pair<int,int,0>(std::pair<int,int> &&) noexcept' being compiled
c:\program files (x86)\microsoft visual studio\2017\professional\vc\tools\msvc\14.16.27023\include\utility(240): warning C4244: 'initializing': conversion from '_Ty' to '_Ty2', possible loss of data
          with
          [
              _Ty=int
          ]
          and
          [
              _Ty2=float
          ]
  JsonReader.cpp
c:\users\jie_ji1\documents\github\gameenginedev\gameengine\gameengine\jsonreader.cpp(10): warning C4018: '<': signed/unsigned mismatch
c:\users\jie_ji1\documents\github\gameenginedev\gameengine\gameengine\jsonreader.cpp(25): warning C4018: '<': signed/unsigned mismatch
c:\users\jie_ji1\documents\github\gameenginedev\gameengine\gameengine\jsonreader.cpp(41): warning C4018: '<': signed/unsigned mismatch
c:\users\jie_ji1\documents\github\gameenginedev\gameengine\gameengine\jsonreader.cpp(57): warning C4018: '<': signed/unsigned mismatch
  PhysicsEngine.cpp
c:\users\jie_ji1\documents\github\gameenginedev\gameengine\gameengine\physicsengine.cpp(43): warning C4018: '<': signed/unsigned mismatch
c:\users\jie_ji1\documents\github\gameenginedev\gameengine\gameengine\physicsengine.cpp(44): warning C4018: '<': signed/unsigned mismatch
  Player.cpp
c:\users\jie_ji1\documents\github\gameenginedev\gameengine\gameengine\player.cpp(26): warning C4244: 'argument': conversion from 'int' to 'float', possible loss of data
c:\users\jie_ji1\documents\github\gameenginedev\gameengine\gameengine\player.cpp(29): warning C4244: 'argument': conversion from 'Speed' to 'float', possible loss of data
c:\users\jie_ji1\documents\github\gameenginedev\gameengine\gameengine\player.cpp(32): warning C4244: 'argument': conversion from 'int' to 'float', possible loss of data
c:\users\jie_ji1\documents\github\gameenginedev\gameengine\gameengine\player.cpp(35): warning C4244: 'argument': conversion from 'Speed' to 'float', possible loss of data
  Projectile.cpp
  Weapon.cpp
  main.cpp
  Generating Code...
  GameEngine.vcxproj -> C:\Users\jie_ji1\Documents\GitHub\GameEngineDev\GameEngine\Debug\GameEngine.exe
