c:\users\garde\desktop\school\software engineering\git\gameenginedev\gameengine\gameengine\debug\vc141.pdb
c:\users\garde\desktop\school\software engineering\git\gameenginedev\gameengine\gameengine\debug\vc141.idb
c:\users\garde\desktop\school\software engineering\git\gameenginedev\gameengine\gameengine\debug\projectileobj.obj
c:\users\garde\desktop\school\software engineering\git\gameenginedev\gameengine\gameengine\debug\player.obj
c:\users\garde\desktop\school\software engineering\git\gameenginedev\gameengine\gameengine\debug\physicsengine.obj
c:\users\garde\desktop\school\software engineering\git\gameenginedev\gameengine\gameengine\debug\obj.obj
c:\users\garde\desktop\school\software engineering\git\gameenginedev\gameengine\gameengine\debug\main.obj
c:\users\garde\desktop\school\software engineering\git\gameenginedev\gameengine\gameengine\debug\jsonreader.obj
c:\users\garde\desktop\school\software engineering\git\gameenginedev\gameengine\gameengine\debug\interactableobj.obj
c:\users\garde\desktop\school\software engineering\git\gameenginedev\gameengine\gameengine\debug\function.obj
c:\users\garde\desktop\school\software engineering\git\gameenginedev\gameengine\gameengine\debug\environmentobj.obj
c:\users\garde\desktop\school\software engineering\git\gameenginedev\gameengine\gameengine\debug\enemy.obj
c:\users\garde\desktop\school\software engineering\git\gameenginedev\gameengine\debug\gameengine.ilk
c:\users\garde\desktop\school\software engineering\git\gameenginedev\gameengine\debug\gameengine.exe
c:\users\garde\desktop\school\software engineering\git\gameenginedev\gameengine\debug\gameengine.pdb
c:\users\garde\desktop\school\software engineering\git\gameenginedev\gameengine\gameengine\debug\gameengine.tlog\cl.command.1.tlog
c:\users\garde\desktop\school\software engineering\git\gameenginedev\gameengine\gameengine\debug\gameengine.tlog\cl.read.1.tlog
c:\users\garde\desktop\school\software engineering\git\gameenginedev\gameengine\gameengine\debug\gameengine.tlog\cl.write.1.tlog
c:\users\garde\desktop\school\software engineering\git\gameenginedev\gameengine\gameengine\debug\gameengine.tlog\link.command.1.tlog
c:\users\garde\desktop\school\software engineering\git\gameenginedev\gameengine\gameengine\debug\gameengine.tlog\link.read.1.tlog
c:\users\garde\desktop\school\software engineering\git\gameenginedev\gameengine\gameengine\debug\gameengine.tlog\link.write.1.tlog
